{"level":"error","message":"Service unavailable"}
{"level":"error","message":"Service unavailable Service unavailable","stack":"Error: Service unavailable\n    at C:\\Users\\Umair\\Desktop\\dogluv-backend\\routes\\auth.js:8:11\n    at newFn (C:\\Users\\Umair\\Desktop\\dogluv-backend\\node_modules\\express-async-errors\\index.js:16:20)\n    at Layer.handle [as handle_request] (C:\\Users\\Umair\\Desktop\\dogluv-backend\\node_modules\\express\\lib\\router\\layer.js:95:5)\n    at next (C:\\Users\\Umair\\Desktop\\dogluv-backend\\node_modules\\express\\lib\\router\\route.js:137:13)\n    at Route.dispatch (C:\\Users\\Umair\\Desktop\\dogluv-backend\\node_modules\\express\\lib\\router\\route.js:112:3)\n    at newFn (C:\\Users\\Umair\\Desktop\\dogluv-backend\\node_modules\\express-async-errors\\index.js:16:20)\n    at Layer.handle [as handle_request] (C:\\Users\\Umair\\Desktop\\dogluv-backend\\node_modules\\express\\lib\\router\\layer.js:95:5)\n    at C:\\Users\\Umair\\Desktop\\dogluv-backend\\node_modules\\express\\lib\\router\\index.js:281:22\n    at Function.process_params (C:\\Users\\Umair\\Desktop\\dogluv-backend\\node_modules\\express\\lib\\router\\index.js:335:12)\n    at next (C:\\Users\\Umair\\Desktop\\dogluv-backend\\node_modules\\express\\lib\\router\\index.js:275:10)\n    at Function.handle (C:\\Users\\Umair\\Desktop\\dogluv-backend\\node_modules\\express\\lib\\router\\index.js:174:3)\n    at router (C:\\Users\\Umair\\Desktop\\dogluv-backend\\node_modules\\express\\lib\\router\\index.js:47:12)\n    at newFn (C:\\Users\\Umair\\Desktop\\dogluv-backend\\node_modules\\express-async-errors\\index.js:16:20)\n    at Layer.handle [as handle_request] (C:\\Users\\Umair\\Desktop\\dogluv-backend\\node_modules\\express\\lib\\router\\layer.js:95:5)\n    at trim_prefix (C:\\Users\\Umair\\Desktop\\dogluv-backend\\node_modules\\express\\lib\\router\\index.js:317:13)\n    at C:\\Users\\Umair\\Desktop\\dogluv-backend\\node_modules\\express\\lib\\router\\index.js:284:7"}
{"level":"info","message":"Listening on port 3000...","timestamp":"2020-12-01T17:27:54.353Z"}
{"level":"info","message":"Connected to mongodb://localhost/dogluv","timestamp":"2020-12-01T17:27:54.389Z"}
{"level":"info","message":"Listening on port 3000...","timestamp":"2020-12-01T17:28:29.085Z"}
{"level":"info","message":"Connected to mongodb://localhost/dogluv_test","timestamp":"2020-12-01T17:28:29.112Z"}
{"level":"info","message":"Listening on port 3000...","timestamp":"2020-12-01T19:05:49.011Z"}
{"level":"info","message":"Listening on port 3000...","timestamp":"2020-12-01T19:07:29.807Z"}
{"level":"info","message":"Connected to mongodb://localhost/dogluv_test","timestamp":"2020-12-01T19:07:29.854Z"}
{"level":"info","message":"Listening on port 3000...","timestamp":"2020-12-01T19:08:26.610Z"}
{"level":"info","message":"Connected to mongodb://localhost/dogluv","timestamp":"2020-12-01T19:08:26.657Z"}
{"level":"info","message":"Listening on port 3000...","timestamp":"2020-12-01T19:09:24.215Z"}
{"level":"info","message":"Connected to mongodb://localhost/dogluv","timestamp":"2020-12-01T19:09:24.256Z"}
{"level":"info","message":"Listening on port 3000...","timestamp":"2020-12-01T19:09:38.261Z"}
{"level":"info","message":"Connected to mongodb://localhost/dogluv","timestamp":"2020-12-01T19:09:38.308Z"}
{"level":"info","message":"Listening on port 3000...","timestamp":"2020-12-01T19:10:28.999Z"}
{"level":"info","message":"Connected to mongodb://localhost/dogluv","timestamp":"2020-12-01T19:10:29.027Z"}
{"message":"Joi.objectId is not a function","stack":"TypeError: Joi.objectId is not a function\n    at validatePost (C:\\Users\\Umair\\Desktop\\dogluv-backend\\models\\post.js:55:19)\n    at C:\\Users\\Umair\\Desktop\\dogluv-backend\\routes\\posts.js:34:23\n    at newFn (C:\\Users\\Umair\\Desktop\\dogluv-backend\\node_modules\\express-async-errors\\index.js:16:20)\n    at Layer.handle [as handle_request] (C:\\Users\\Umair\\Desktop\\dogluv-backend\\node_modules\\express\\lib\\router\\layer.js:95:5)\n    at next (C:\\Users\\Umair\\Desktop\\dogluv-backend\\node_modules\\express\\lib\\router\\route.js:137:13)\n    at module.exports (C:\\Users\\Umair\\Desktop\\dogluv-backend\\middleware\\auth.js:11:9)\n    at newFn (C:\\Users\\Umair\\Desktop\\dogluv-backend\\node_modules\\express-async-errors\\index.js:16:20)\n    at Layer.handle [as handle_request] (C:\\Users\\Umair\\Desktop\\dogluv-backend\\node_modules\\express\\lib\\router\\layer.js:95:5)\n    at next (C:\\Users\\Umair\\Desktop\\dogluv-backend\\node_modules\\express\\lib\\router\\route.js:137:13)\n    at Route.dispatch (C:\\Users\\Umair\\Desktop\\dogluv-backend\\node_modules\\express\\lib\\router\\route.js:112:3)\n    at newFn (C:\\Users\\Umair\\Desktop\\dogluv-backend\\node_modules\\express-async-errors\\index.js:16:20)\n    at Layer.handle [as handle_request] (C:\\Users\\Umair\\Desktop\\dogluv-backend\\node_modules\\express\\lib\\router\\layer.js:95:5)\n    at C:\\Users\\Umair\\Desktop\\dogluv-backend\\node_modules\\express\\lib\\router\\index.js:281:22\n    at Function.process_params (C:\\Users\\Umair\\Desktop\\dogluv-backend\\node_modules\\express\\lib\\router\\index.js:335:12)\n    at next (C:\\Users\\Umair\\Desktop\\dogluv-backend\\node_modules\\express\\lib\\router\\index.js:275:10)\n    at Function.handle (C:\\Users\\Umair\\Desktop\\dogluv-backend\\node_modules\\express\\lib\\router\\index.js:174:3)","level":"error","timestamp":"2020-12-01T19:12:28.030Z"}
{"level":"info","message":"Listening on port 3000...","timestamp":"2020-12-01T19:15:24.260Z"}
{"level":"info","message":"Connected to mongodb://localhost/dogluv","timestamp":"2020-12-01T19:15:24.287Z"}
{"message":"Joi.objectId is not a function","stack":"TypeError: Joi.objectId is not a function\n    at validatePost (C:\\Users\\Umair\\Desktop\\dogluv-backend\\models\\post.js:55:19)\n    at C:\\Users\\Umair\\Desktop\\dogluv-backend\\routes\\posts.js:34:23\n    at newFn (C:\\Users\\Umair\\Desktop\\dogluv-backend\\node_modules\\express-async-errors\\index.js:16:20)\n    at Layer.handle [as handle_request] (C:\\Users\\Umair\\Desktop\\dogluv-backend\\node_modules\\express\\lib\\router\\layer.js:95:5)\n    at next (C:\\Users\\Umair\\Desktop\\dogluv-backend\\node_modules\\express\\lib\\router\\route.js:137:13)\n    at module.exports (C:\\Users\\Umair\\Desktop\\dogluv-backend\\middleware\\auth.js:11:9)\n    at newFn (C:\\Users\\Umair\\Desktop\\dogluv-backend\\node_modules\\express-async-errors\\index.js:16:20)\n    at Layer.handle [as handle_request] (C:\\Users\\Umair\\Desktop\\dogluv-backend\\node_modules\\express\\lib\\router\\layer.js:95:5)\n    at next (C:\\Users\\Umair\\Desktop\\dogluv-backend\\node_modules\\express\\lib\\router\\route.js:137:13)\n    at Route.dispatch (C:\\Users\\Umair\\Desktop\\dogluv-backend\\node_modules\\express\\lib\\router\\route.js:112:3)\n    at newFn (C:\\Users\\Umair\\Desktop\\dogluv-backend\\node_modules\\express-async-errors\\index.js:16:20)\n    at Layer.handle [as handle_request] (C:\\Users\\Umair\\Desktop\\dogluv-backend\\node_modules\\express\\lib\\router\\layer.js:95:5)\n    at C:\\Users\\Umair\\Desktop\\dogluv-backend\\node_modules\\express\\lib\\router\\index.js:281:22\n    at Function.process_params (C:\\Users\\Umair\\Desktop\\dogluv-backend\\node_modules\\express\\lib\\router\\index.js:335:12)\n    at next (C:\\Users\\Umair\\Desktop\\dogluv-backend\\node_modules\\express\\lib\\router\\index.js:275:10)\n    at Function.handle (C:\\Users\\Umair\\Desktop\\dogluv-backend\\node_modules\\express\\lib\\router\\index.js:174:3)","level":"error","timestamp":"2020-12-01T19:15:29.491Z"}
{"message":"Joi.objectId is not a function","stack":"TypeError: Joi.objectId is not a function\n    at validatePost (C:\\Users\\Umair\\Desktop\\dogluv-backend\\models\\post.js:55:19)\n    at C:\\Users\\Umair\\Desktop\\dogluv-backend\\routes\\posts.js:34:23\n    at newFn (C:\\Users\\Umair\\Desktop\\dogluv-backend\\node_modules\\express-async-errors\\index.js:16:20)\n    at Layer.handle [as handle_request] (C:\\Users\\Umair\\Desktop\\dogluv-backend\\node_modules\\express\\lib\\router\\layer.js:95:5)\n    at next (C:\\Users\\Umair\\Desktop\\dogluv-backend\\node_modules\\express\\lib\\router\\route.js:137:13)\n    at module.exports (C:\\Users\\Umair\\Desktop\\dogluv-backend\\middleware\\auth.js:11:9)\n    at newFn (C:\\Users\\Umair\\Desktop\\dogluv-backend\\node_modules\\express-async-errors\\index.js:16:20)\n    at Layer.handle [as handle_request] (C:\\Users\\Umair\\Desktop\\dogluv-backend\\node_modules\\express\\lib\\router\\layer.js:95:5)\n    at next (C:\\Users\\Umair\\Desktop\\dogluv-backend\\node_modules\\express\\lib\\router\\route.js:137:13)\n    at Route.dispatch (C:\\Users\\Umair\\Desktop\\dogluv-backend\\node_modules\\express\\lib\\router\\route.js:112:3)\n    at newFn (C:\\Users\\Umair\\Desktop\\dogluv-backend\\node_modules\\express-async-errors\\index.js:16:20)\n    at Layer.handle [as handle_request] (C:\\Users\\Umair\\Desktop\\dogluv-backend\\node_modules\\express\\lib\\router\\layer.js:95:5)\n    at C:\\Users\\Umair\\Desktop\\dogluv-backend\\node_modules\\express\\lib\\router\\index.js:281:22\n    at Function.process_params (C:\\Users\\Umair\\Desktop\\dogluv-backend\\node_modules\\express\\lib\\router\\index.js:335:12)\n    at next (C:\\Users\\Umair\\Desktop\\dogluv-backend\\node_modules\\express\\lib\\router\\index.js:275:10)\n    at Function.handle (C:\\Users\\Umair\\Desktop\\dogluv-backend\\node_modules\\express\\lib\\router\\index.js:174:3)","level":"error","timestamp":"2020-12-01T19:15:34.134Z"}
{"level":"info","message":"Listening on port 3000...","timestamp":"2020-12-01T19:15:41.557Z"}
{"level":"info","message":"Connected to mongodb://localhost/dogluv","timestamp":"2020-12-01T19:15:41.578Z"}
{"level":"info","message":"Listening on port 3000...","timestamp":"2020-12-01T19:16:19.791Z"}
{"level":"info","message":"Connected to mongodb://localhost/dogluv","timestamp":"2020-12-01T19:16:19.836Z"}
{"level":"info","message":"Listening on port 3000...","timestamp":"2020-12-01T19:21:57.706Z"}
{"level":"info","message":"Connected to mongodb://localhost/dogluv","timestamp":"2020-12-01T19:21:57.739Z"}
{"level":"info","message":"Listening on port 3000...","timestamp":"2020-12-01T20:01:56.722Z"}
{"level":"info","message":"Connected to mongodb://localhost/dogluv","timestamp":"2020-12-01T20:01:56.754Z"}
{"level":"info","message":"Listening on port 3000...","timestamp":"2020-12-01T20:02:13.212Z"}
{"level":"info","message":"Connected to mongodb://localhost/dogluv","timestamp":"2020-12-01T20:02:13.242Z"}
{"level":"info","message":"Listening on port 3000...","timestamp":"2020-12-01T20:03:29.100Z"}
{"level":"info","message":"Connected to mongodb://localhost/dogluv","timestamp":"2020-12-01T20:03:29.122Z"}
{"level":"info","message":"Listening on port 3000...","timestamp":"2020-12-01T20:03:37.906Z"}
{"level":"info","message":"Connected to mongodb://localhost/dogluv","timestamp":"2020-12-01T20:03:37.925Z"}
{"level":"info","message":"Listening on port 3000...","timestamp":"2020-12-02T09:58:32.076Z"}
{"level":"info","message":"Connected to mongodb://localhost/dogluv","timestamp":"2020-12-02T09:58:32.097Z"}
{"level":"info","message":"Listening on port 3000...","timestamp":"2020-12-02T10:12:59.343Z"}
{"level":"info","message":"Connected to mongodb://localhost/dogluv","timestamp":"2020-12-02T10:12:59.364Z"}
{"level":"info","message":"Listening on port 3000...","timestamp":"2020-12-02T10:15:28.954Z"}
{"level":"info","message":"Connected to mongodb://localhost/dogluv","timestamp":"2020-12-02T10:15:28.973Z"}
{"level":"info","message":"Listening on port 3000...","timestamp":"2020-12-02T10:15:47.131Z"}
{"level":"info","message":"Connected to mongodb://localhost/dogluv","timestamp":"2020-12-02T10:15:47.151Z"}
{"level":"info","message":"Listening on port 3000...","timestamp":"2020-12-02T10:17:56.464Z"}
{"level":"info","message":"Connected to mongodb://localhost/dogluv","timestamp":"2020-12-02T10:17:56.483Z"}
{"level":"info","message":"Listening on port 3000...","timestamp":"2020-12-02T10:20:18.453Z"}
{"level":"info","message":"Connected to mongodb://localhost/dogluv","timestamp":"2020-12-02T10:20:18.472Z"}
{"level":"info","message":"Listening on port 3000...","timestamp":"2020-12-02T10:23:59.427Z"}
{"level":"info","message":"Connected to mongodb://localhost/dogluv","timestamp":"2020-12-02T10:23:59.449Z"}
{"level":"info","message":"Listening on port 3000...","timestamp":"2020-12-02T11:37:59.684Z"}
{"level":"info","message":"Connected to mongodb://localhost/dogluv","timestamp":"2020-12-02T11:37:59.713Z"}
{"message":"Profile validation failed: user: Path `user` is required.","stack":"ValidationError: Profile validation failed: user: Path `user` is required.\n    at model.Document.invalidate (C:\\Users\\Umair\\Desktop\\dogluv-backend\\node_modules\\mongoose\\lib\\document.js:2620:32)\n    at C:\\Users\\Umair\\Desktop\\dogluv-backend\\node_modules\\mongoose\\lib\\document.js:2440:17\n    at C:\\Users\\Umair\\Desktop\\dogluv-backend\\node_modules\\mongoose\\lib\\schematype.js:1225:9\n    at processTicksAndRejections (internal/process/task_queues.js:75:11)","errors":{"user":{"name":"ValidatorError","message":"Path `user` is required.","properties":{"message":"Path `user` is required.","type":"required","path":"user"},"kind":"required","path":"user"}},"_message":"Profile validation failed","level":"error","timestamp":"2020-12-02T11:38:14.346Z"}
{"level":"info","message":"Listening on port 3000...","timestamp":"2020-12-02T11:39:51.380Z"}
{"level":"info","message":"Connected to mongodb://localhost/dogluv","timestamp":"2020-12-02T11:39:51.398Z"}
{"level":"info","message":"Listening on port 3000...","timestamp":"2020-12-02T11:41:22.759Z"}
{"level":"info","message":"Connected to mongodb://localhost/dogluv","timestamp":"2020-12-02T11:41:22.777Z"}
{"level":"info","message":"Listening on port 3000...","timestamp":"2020-12-02T11:41:30.957Z"}
{"level":"info","message":"Connected to mongodb://localhost/dogluv","timestamp":"2020-12-02T11:41:30.978Z"}
{"level":"info","message":"Listening on port 3000...","timestamp":"2020-12-02T11:45:30.356Z"}
{"level":"info","message":"Connected to mongodb://localhost/dogluv","timestamp":"2020-12-02T11:45:30.384Z"}
{"level":"info","message":"Listening on port 3000...","timestamp":"2020-12-02T11:50:22.803Z"}
{"level":"info","message":"Connected to mongodb://localhost/dogluv","timestamp":"2020-12-02T11:50:22.827Z"}
{"level":"info","message":"Listening on port 3000...","timestamp":"2020-12-02T11:56:29.837Z"}
{"level":"info","message":"Connected to mongodb://localhost/dogluv","timestamp":"2020-12-02T11:56:29.857Z"}
{"level":"info","message":"Listening on port 3000...","timestamp":"2020-12-02T11:59:42.870Z"}
{"level":"info","message":"Connected to mongodb://localhost/dogluv","timestamp":"2020-12-02T11:59:42.898Z"}
{"level":"info","message":"Listening on port 3000...","timestamp":"2020-12-02T12:01:00.208Z"}
{"level":"info","message":"Connected to mongodb://localhost/dogluv","timestamp":"2020-12-02T12:01:00.238Z"}
{"level":"info","message":"Listening on port 3000...","timestamp":"2020-12-02T12:01:15.980Z"}
{"level":"info","message":"Connected to mongodb://localhost/dogluv","timestamp":"2020-12-02T12:01:16.000Z"}
{"level":"info","message":"Listening on port 3000...","timestamp":"2020-12-02T12:03:22.491Z"}
{"level":"info","message":"Connected to mongodb://localhost/dogluv","timestamp":"2020-12-02T12:03:22.514Z"}
{"message":"Cannot do exclusion on field password in inclusion projection","stack":"MongoError: Cannot do exclusion on field password in inclusion projection\n    at Connection.<anonymous> (C:\\Users\\Umair\\Desktop\\dogluv-backend\\node_modules\\mongodb\\lib\\core\\connection\\pool.js:451:61)\n    at Connection.emit (events.js:315:20)\n    at processMessage (C:\\Users\\Umair\\Desktop\\dogluv-backend\\node_modules\\mongodb\\lib\\core\\connection\\connection.js:451:10)\n    at Socket.<anonymous> (C:\\Users\\Umair\\Desktop\\dogluv-backend\\node_modules\\mongodb\\lib\\core\\connection\\connection.js:620:15)\n    at Socket.emit (events.js:315:20)\n    at addChunk (_stream_readable.js:309:12)\n    at readableAddChunk (_stream_readable.js:284:9)\n    at Socket.Readable.push (_stream_readable.js:223:10)\n    at TCP.onStreamRead (internal/stream_base_commons.js:188:23)","ok":0,"code":31254,"codeName":"Location31254","name":"MongoError","level":"error","timestamp":"2020-12-02T12:03:25.117Z"}
{"level":"info","message":"Listening on port 3000...","timestamp":"2020-12-02T12:03:46.391Z"}
{"level":"info","message":"Connected to mongodb://localhost/dogluv","timestamp":"2020-12-02T12:03:46.412Z"}
{"message":"Cannot do exclusion on field password in inclusion projection","stack":"MongoError: Cannot do exclusion on field password in inclusion projection\n    at Connection.<anonymous> (C:\\Users\\Umair\\Desktop\\dogluv-backend\\node_modules\\mongodb\\lib\\core\\connection\\pool.js:451:61)\n    at Connection.emit (events.js:315:20)\n    at processMessage (C:\\Users\\Umair\\Desktop\\dogluv-backend\\node_modules\\mongodb\\lib\\core\\connection\\connection.js:451:10)\n    at Socket.<anonymous> (C:\\Users\\Umair\\Desktop\\dogluv-backend\\node_modules\\mongodb\\lib\\core\\connection\\connection.js:620:15)\n    at Socket.emit (events.js:315:20)\n    at addChunk (_stream_readable.js:309:12)\n    at readableAddChunk (_stream_readable.js:284:9)\n    at Socket.Readable.push (_stream_readable.js:223:10)\n    at TCP.onStreamRead (internal/stream_base_commons.js:188:23)","ok":0,"code":31254,"codeName":"Location31254","name":"MongoError","level":"error","timestamp":"2020-12-02T12:03:47.641Z"}
{"message":"Cannot do exclusion on field password in inclusion projection","stack":"MongoError: Cannot do exclusion on field password in inclusion projection\n    at Connection.<anonymous> (C:\\Users\\Umair\\Desktop\\dogluv-backend\\node_modules\\mongodb\\lib\\core\\connection\\pool.js:451:61)\n    at Connection.emit (events.js:315:20)\n    at processMessage (C:\\Users\\Umair\\Desktop\\dogluv-backend\\node_modules\\mongodb\\lib\\core\\connection\\connection.js:451:10)\n    at Socket.<anonymous> (C:\\Users\\Umair\\Desktop\\dogluv-backend\\node_modules\\mongodb\\lib\\core\\connection\\connection.js:620:15)\n    at Socket.emit (events.js:315:20)\n    at addChunk (_stream_readable.js:309:12)\n    at readableAddChunk (_stream_readable.js:284:9)\n    at Socket.Readable.push (_stream_readable.js:223:10)\n    at TCP.onStreamRead (internal/stream_base_commons.js:188:23)","ok":0,"code":31254,"codeName":"Location31254","name":"MongoError","level":"error","timestamp":"2020-12-02T12:03:48.537Z"}
{"message":"Cannot do exclusion on field password in inclusion projection","stack":"MongoError: Cannot do exclusion on field password in inclusion projection\n    at Connection.<anonymous> (C:\\Users\\Umair\\Desktop\\dogluv-backend\\node_modules\\mongodb\\lib\\core\\connection\\pool.js:451:61)\n    at Connection.emit (events.js:315:20)\n    at processMessage (C:\\Users\\Umair\\Desktop\\dogluv-backend\\node_modules\\mongodb\\lib\\core\\connection\\connection.js:451:10)\n    at Socket.<anonymous> (C:\\Users\\Umair\\Desktop\\dogluv-backend\\node_modules\\mongodb\\lib\\core\\connection\\connection.js:620:15)\n    at Socket.emit (events.js:315:20)\n    at addChunk (_stream_readable.js:309:12)\n    at readableAddChunk (_stream_readable.js:284:9)\n    at Socket.Readable.push (_stream_readable.js:223:10)\n    at TCP.onStreamRead (internal/stream_base_commons.js:188:23)","ok":0,"code":31254,"codeName":"Location31254","name":"MongoError","level":"error","timestamp":"2020-12-02T12:03:51.199Z"}
{"level":"info","message":"Listening on port 3000...","timestamp":"2020-12-02T12:04:06.813Z"}
{"level":"info","message":"Connected to mongodb://localhost/dogluv","timestamp":"2020-12-02T12:04:06.833Z"}
{"level":"info","message":"Listening on port 3000...","timestamp":"2020-12-02T12:04:52.446Z"}
{"level":"info","message":"Connected to mongodb://localhost/dogluv","timestamp":"2020-12-02T12:04:52.466Z"}
{"level":"info","message":"Listening on port 3000...","timestamp":"2020-12-02T13:22:36.977Z"}
{"level":"info","message":"Connected to mongodb://localhost/dogluv","timestamp":"2020-12-02T13:22:36.996Z"}
{"level":"info","message":"Listening on port 3000...","timestamp":"2020-12-02T13:39:01.749Z"}
{"level":"info","message":"Connected to mongodb://localhost/dogluv","timestamp":"2020-12-02T13:39:01.770Z"}
{"level":"info","message":"Listening on port 3000...","timestamp":"2020-12-02T13:39:25.724Z"}
{"level":"info","message":"Connected to mongodb://localhost/dogluv","timestamp":"2020-12-02T13:39:25.746Z"}
{"level":"info","message":"Listening on port 3000...","timestamp":"2020-12-02T13:52:19.662Z"}
{"level":"info","message":"Connected to mongodb://localhost/dogluv","timestamp":"2020-12-02T13:52:19.682Z"}
{"level":"info","message":"Listening on port 3000...","timestamp":"2020-12-02T13:53:16.497Z"}
{"level":"info","message":"Connected to mongodb://localhost/dogluv","timestamp":"2020-12-02T13:53:16.517Z"}
{"level":"info","message":"Listening on port 3000...","timestamp":"2020-12-02T13:54:20.528Z"}
{"level":"info","message":"Connected to mongodb://localhost/dogluv","timestamp":"2020-12-02T13:54:20.548Z"}
{"level":"info","message":"Listening on port 3000...","timestamp":"2020-12-02T13:57:11.789Z"}
{"level":"info","message":"Connected to mongodb://localhost/dogluv","timestamp":"2020-12-02T13:57:11.808Z"}
{"level":"info","message":"Listening on port 3000...","timestamp":"2020-12-02T14:07:28.432Z"}
{"level":"info","message":"Connected to mongodb://localhost/dogluv","timestamp":"2020-12-02T14:07:28.460Z"}
{"level":"info","message":"Listening on port 3000...","timestamp":"2020-12-02T14:10:20.961Z"}
{"level":"info","message":"Connected to mongodb://localhost/dogluv","timestamp":"2020-12-02T14:10:20.982Z"}
{"level":"info","message":"Listening on port 3000...","timestamp":"2020-12-02T14:15:24.805Z"}
{"level":"info","message":"Connected to mongodb://localhost/dogluv","timestamp":"2020-12-02T14:15:24.826Z"}
{"level":"info","message":"Listening on port 3000...","timestamp":"2020-12-02T14:17:44.043Z"}
{"level":"info","message":"Connected to mongodb://localhost/dogluv","timestamp":"2020-12-02T14:17:44.069Z"}
{"level":"info","message":"Listening on port 3000...","timestamp":"2020-12-02T14:17:50.123Z"}
{"level":"info","message":"Connected to mongodb://localhost/dogluv","timestamp":"2020-12-02T14:17:50.144Z"}
{"level":"info","message":"Listening on port 3000...","timestamp":"2020-12-02T16:21:53.275Z"}
{"level":"info","message":"Connected to mongodb://localhost/dogluv","timestamp":"2020-12-02T16:21:53.294Z"}
{"level":"info","message":"Listening on port 3000...","timestamp":"2020-12-02T16:23:38.788Z"}
{"level":"info","message":"Connected to mongodb://localhost/dogluv","timestamp":"2020-12-02T16:23:38.806Z"}
{"level":"info","message":"Listening on port 3000...","timestamp":"2020-12-02T16:28:31.743Z"}
{"level":"info","message":"Connected to mongodb://localhost/dogluv","timestamp":"2020-12-02T16:28:31.762Z"}
{"level":"info","message":"Listening on port 3000...","timestamp":"2020-12-02T16:29:26.137Z"}
{"level":"info","message":"Connected to mongodb://localhost/dogluv","timestamp":"2020-12-02T16:29:26.155Z"}
{"level":"info","message":"Listening on port 3000...","timestamp":"2020-12-02T16:29:38.824Z"}
{"level":"info","message":"Connected to mongodb://localhost/dogluv","timestamp":"2020-12-02T16:29:38.843Z"}
{"message":"Dog validation failed: sex: Cast to Number failed for value \"female\" at path \"sex\"","stack":"ValidationError: Dog validation failed: sex: Cast to Number failed for value \"female\" at path \"sex\"\n    at model.Document.invalidate (C:\\Users\\Umair\\Desktop\\dogluv-backend\\node_modules\\mongoose\\lib\\document.js:2620:32)\n    at model.$set (C:\\Users\\Umair\\Desktop\\dogluv-backend\\node_modules\\mongoose\\lib\\document.js:1284:12)\n    at model.$set (C:\\Users\\Umair\\Desktop\\dogluv-backend\\node_modules\\mongoose\\lib\\document.js:1008:16)\n    at model.Document (C:\\Users\\Umair\\Desktop\\dogluv-backend\\node_modules\\mongoose\\lib\\document.js:150:12)\n    at model.Model (C:\\Users\\Umair\\Desktop\\dogluv-backend\\node_modules\\mongoose\\lib\\model.js:106:12)\n    at new model (C:\\Users\\Umair\\Desktop\\dogluv-backend\\node_modules\\mongoose\\lib\\model.js:4689:15)\n    at C:\\Users\\Umair\\Desktop\\dogluv-backend\\routes\\dogs.js:24:11\n    at newFn (C:\\Users\\Umair\\Desktop\\dogluv-backend\\node_modules\\express-async-errors\\index.js:16:20)\n    at Layer.handle [as handle_request] (C:\\Users\\Umair\\Desktop\\dogluv-backend\\node_modules\\express\\lib\\router\\layer.js:95:5)\n    at next (C:\\Users\\Umair\\Desktop\\dogluv-backend\\node_modules\\express\\lib\\router\\route.js:137:13)\n    at module.exports (C:\\Users\\Umair\\Desktop\\dogluv-backend\\middleware\\auth.js:11:9)\n    at newFn (C:\\Users\\Umair\\Desktop\\dogluv-backend\\node_modules\\express-async-errors\\index.js:16:20)\n    at Layer.handle [as handle_request] (C:\\Users\\Umair\\Desktop\\dogluv-backend\\node_modules\\express\\lib\\router\\layer.js:95:5)\n    at next (C:\\Users\\Umair\\Desktop\\dogluv-backend\\node_modules\\express\\lib\\router\\route.js:137:13)\n    at Route.dispatch (C:\\Users\\Umair\\Desktop\\dogluv-backend\\node_modules\\express\\lib\\router\\route.js:112:3)\n    at newFn (C:\\Users\\Umair\\Desktop\\dogluv-backend\\node_modules\\express-async-errors\\index.js:16:20)","errors":{"sex":{"stringValue":"\"female\"","kind":"Number","value":"female","path":"sex","reason":{"generatedMessage":true,"code":"ERR_ASSERTION","actual":false,"expected":true,"operator":"=="}}},"_message":"Dog validation failed","level":"error","timestamp":"2020-12-02T16:29:49.990Z"}
{"level":"info","message":"Listening on port 3000...","timestamp":"2020-12-02T16:30:08.025Z"}
{"level":"info","message":"Connected to mongodb://localhost/dogluv","timestamp":"2020-12-02T16:30:08.044Z"}
{"level":"info","message":"Listening on port 3000...","timestamp":"2020-12-02T16:32:30.187Z"}
{"level":"info","message":"Connected to mongodb://localhost/dogluv","timestamp":"2020-12-02T16:32:30.209Z"}
{"message":"Dog.findbyId is not a function","stack":"TypeError: Dog.findbyId is not a function\n    at C:\\Users\\Umair\\Desktop\\dogluv-backend\\routes\\dogs.js:14:27\n    at newFn (C:\\Users\\Umair\\Desktop\\dogluv-backend\\node_modules\\express-async-errors\\index.js:16:20)\n    at Layer.handle [as handle_request] (C:\\Users\\Umair\\Desktop\\dogluv-backend\\node_modules\\express\\lib\\router\\layer.js:95:5)\n    at next (C:\\Users\\Umair\\Desktop\\dogluv-backend\\node_modules\\express\\lib\\router\\route.js:137:13)\n    at module.exports (C:\\Users\\Umair\\Desktop\\dogluv-backend\\middleware\\auth.js:11:9)\n    at newFn (C:\\Users\\Umair\\Desktop\\dogluv-backend\\node_modules\\express-async-errors\\index.js:16:20)\n    at Layer.handle [as handle_request] (C:\\Users\\Umair\\Desktop\\dogluv-backend\\node_modules\\express\\lib\\router\\layer.js:95:5)\n    at next (C:\\Users\\Umair\\Desktop\\dogluv-backend\\node_modules\\express\\lib\\router\\route.js:137:13)\n    at Route.dispatch (C:\\Users\\Umair\\Desktop\\dogluv-backend\\node_modules\\express\\lib\\router\\route.js:112:3)\n    at newFn (C:\\Users\\Umair\\Desktop\\dogluv-backend\\node_modules\\express-async-errors\\index.js:16:20)\n    at Layer.handle [as handle_request] (C:\\Users\\Umair\\Desktop\\dogluv-backend\\node_modules\\express\\lib\\router\\layer.js:95:5)\n    at C:\\Users\\Umair\\Desktop\\dogluv-backend\\node_modules\\express\\lib\\router\\index.js:281:22\n    at param (C:\\Users\\Umair\\Desktop\\dogluv-backend\\node_modules\\express\\lib\\router\\index.js:354:14)\n    at param (C:\\Users\\Umair\\Desktop\\dogluv-backend\\node_modules\\express\\lib\\router\\index.js:365:14)\n    at Function.process_params (C:\\Users\\Umair\\Desktop\\dogluv-backend\\node_modules\\express\\lib\\router\\index.js:410:3)\n    at next (C:\\Users\\Umair\\Desktop\\dogluv-backend\\node_modules\\express\\lib\\router\\index.js:275:10)","level":"error","timestamp":"2020-12-02T16:34:48.629Z"}
{"level":"info","message":"Listening on port 3000...","timestamp":"2020-12-02T16:35:08.895Z"}
{"level":"info","message":"Connected to mongodb://localhost/dogluv","timestamp":"2020-12-02T16:35:08.913Z"}
{"level":"info","message":"Listening on port 3000...","timestamp":"2020-12-02T16:37:13.906Z"}
{"level":"info","message":"Connected to mongodb://localhost/dogluv","timestamp":"2020-12-02T16:37:13.924Z"}
{"level":"info","message":"Listening on port 3000...","timestamp":"2020-12-02T16:43:55.558Z"}
{"level":"info","message":"Connected to mongodb://localhost/dogluv","timestamp":"2020-12-02T16:43:55.577Z"}
{"level":"info","message":"Listening on port 3000...","timestamp":"2020-12-02T16:49:36.631Z"}
{"level":"info","message":"Connected to mongodb://localhost/dogluv","timestamp":"2020-12-02T16:49:36.653Z"}
{"level":"info","message":"Listening on port 3000...","timestamp":"2020-12-02T16:53:47.871Z"}
{"level":"info","message":"Connected to mongodb://localhost/dogluv","timestamp":"2020-12-02T16:53:47.889Z"}
{"level":"info","message":"Listening on port 3000...","timestamp":"2020-12-02T16:54:55.063Z"}
{"level":"info","message":"Connected to mongodb://localhost/dogluv","timestamp":"2020-12-02T16:54:55.082Z"}
{"level":"info","message":"Listening on port 3000...","timestamp":"2020-12-02T16:57:03.976Z"}
{"level":"info","message":"Connected to mongodb://localhost/dogluv","timestamp":"2020-12-02T16:57:03.995Z"}
{"level":"info","message":"Listening on port 3000...","timestamp":"2020-12-02T16:57:57.310Z"}
{"level":"info","message":"Connected to mongodb://localhost/dogluv","timestamp":"2020-12-02T16:57:57.328Z"}
{"level":"info","message":"Listening on port 3000...","timestamp":"2020-12-02T17:00:48.243Z"}
{"level":"info","message":"Connected to mongodb://localhost/dogluv","timestamp":"2020-12-02T17:00:48.261Z"}
{"level":"info","message":"Listening on port 3000...","timestamp":"2020-12-02T17:01:46.959Z"}
{"level":"info","message":"Connected to mongodb://localhost/dogluv","timestamp":"2020-12-02T17:01:46.977Z"}
{"level":"info","message":"Listening on port 3000...","timestamp":"2020-12-02T17:02:02.947Z"}
{"level":"info","message":"Connected to mongodb://localhost/dogluv","timestamp":"2020-12-02T17:02:02.965Z"}
{"level":"info","message":"Listening on port 3000...","timestamp":"2020-12-02T17:05:37.768Z"}
{"level":"info","message":"Connected to mongodb://localhost/dogluv","timestamp":"2020-12-02T17:05:37.786Z"}
{"level":"info","message":"Listening on port 3000...","timestamp":"2020-12-02T17:06:50.647Z"}
{"level":"info","message":"Connected to mongodb://localhost/dogluv","timestamp":"2020-12-02T17:06:50.665Z"}
{"level":"info","message":"Listening on port 3000...","timestamp":"2020-12-02T17:08:53.575Z"}
{"level":"info","message":"Connected to mongodb://localhost/dogluv","timestamp":"2020-12-02T17:08:53.594Z"}
{"level":"info","message":"Listening on port 3000...","timestamp":"2020-12-02T17:10:28.046Z"}
{"level":"info","message":"Connected to mongodb://localhost/dogluv","timestamp":"2020-12-02T17:10:28.064Z"}
{"level":"info","message":"Listening on port 3000...","timestamp":"2020-12-02T17:10:45.112Z"}
{"level":"info","message":"Connected to mongodb://localhost/dogluv","timestamp":"2020-12-02T17:10:45.131Z"}
{"level":"info","message":"Listening on port 3000...","timestamp":"2020-12-02T17:12:52.947Z"}
{"level":"info","message":"Connected to mongodb://localhost/dogluv","timestamp":"2020-12-02T17:12:52.965Z"}
{"level":"info","message":"Listening on port 3000...","timestamp":"2020-12-02T17:45:14.000Z"}
{"level":"info","message":"Connected to mongodb://localhost/dogluv","timestamp":"2020-12-02T17:45:14.020Z"}
{"level":"info","message":"Listening on port 3000...","timestamp":"2020-12-02T18:15:51.973Z"}
{"level":"info","message":"Connected to mongodb://localhost/dogluv","timestamp":"2020-12-02T18:15:51.992Z"}
{"level":"info","message":"Listening on port 3000...","timestamp":"2020-12-02T18:16:48.453Z"}
{"level":"info","message":"Connected to mongodb://localhost/dogluv","timestamp":"2020-12-02T18:16:48.472Z"}
{"level":"info","message":"Listening on port 3000...","timestamp":"2020-12-02T18:17:22.811Z"}
{"level":"info","message":"Connected to mongodb://localhost/dogluv","timestamp":"2020-12-02T18:17:22.829Z"}
{"level":"info","message":"Listening on port 3000...","timestamp":"2020-12-02T18:18:52.699Z"}
{"level":"info","message":"Connected to mongodb://localhost/dogluv","timestamp":"2020-12-02T18:18:52.717Z"}
{"level":"info","message":"Listening on port 3000...","timestamp":"2020-12-02T18:28:38.791Z"}
{"level":"info","message":"Connected to mongodb://localhost/dogluv","timestamp":"2020-12-02T18:28:38.809Z"}
{"level":"info","message":"Listening on port 3000...","timestamp":"2020-12-02T18:30:09.373Z"}
{"level":"info","message":"Connected to mongodb://localhost/dogluv","timestamp":"2020-12-02T18:30:09.392Z"}
{"level":"info","message":"Listening on port 3000...","timestamp":"2020-12-02T18:30:11.447Z"}
{"level":"info","message":"Connected to mongodb://localhost/dogluv","timestamp":"2020-12-02T18:30:11.466Z"}
{"level":"info","message":"Listening on port 3000...","timestamp":"2020-12-02T18:30:15.606Z"}
{"level":"info","message":"Connected to mongodb://localhost/dogluv","timestamp":"2020-12-02T18:30:15.625Z"}
{"level":"info","message":"Listening on port 3000...","timestamp":"2020-12-02T18:34:00.169Z"}
{"level":"info","message":"Connected to mongodb://localhost/dogluv","timestamp":"2020-12-02T18:34:00.200Z"}
{"level":"info","message":"Listening on port 3000...","timestamp":"2020-12-02T18:35:16.959Z"}
{"level":"info","message":"Connected to mongodb://localhost/dogluv","timestamp":"2020-12-02T18:35:16.978Z"}
{"level":"info","message":"Listening on port 3000...","timestamp":"2020-12-02T18:36:37.750Z"}
{"level":"info","message":"Connected to mongodb://localhost/dogluv","timestamp":"2020-12-02T18:36:37.771Z"}
{"message":"Dog is not defined","stack":"ReferenceError: Dog is not defined\n    at C:\\Users\\Umair\\Desktop\\dogluv-backend\\routes\\services.js:37:20\n    at newFn (C:\\Users\\Umair\\Desktop\\dogluv-backend\\node_modules\\express-async-errors\\index.js:16:20)\n    at Layer.handle [as handle_request] (C:\\Users\\Umair\\Desktop\\dogluv-backend\\node_modules\\express\\lib\\router\\layer.js:95:5)\n    at next (C:\\Users\\Umair\\Desktop\\dogluv-backend\\node_modules\\express\\lib\\router\\route.js:137:13)\n    at module.exports (C:\\Users\\Umair\\Desktop\\dogluv-backend\\middleware\\auth.js:11:9)\n    at newFn (C:\\Users\\Umair\\Desktop\\dogluv-backend\\node_modules\\express-async-errors\\index.js:16:20)\n    at Layer.handle [as handle_request] (C:\\Users\\Umair\\Desktop\\dogluv-backend\\node_modules\\express\\lib\\router\\layer.js:95:5)\n    at next (C:\\Users\\Umair\\Desktop\\dogluv-backend\\node_modules\\express\\lib\\router\\route.js:137:13)\n    at Route.dispatch (C:\\Users\\Umair\\Desktop\\dogluv-backend\\node_modules\\express\\lib\\router\\route.js:112:3)\n    at newFn (C:\\Users\\Umair\\Desktop\\dogluv-backend\\node_modules\\express-async-errors\\index.js:16:20)\n    at Layer.handle [as handle_request] (C:\\Users\\Umair\\Desktop\\dogluv-backend\\node_modules\\express\\lib\\router\\layer.js:95:5)\n    at C:\\Users\\Umair\\Desktop\\dogluv-backend\\node_modules\\express\\lib\\router\\index.js:281:22\n    at param (C:\\Users\\Umair\\Desktop\\dogluv-backend\\node_modules\\express\\lib\\router\\index.js:354:14)\n    at param (C:\\Users\\Umair\\Desktop\\dogluv-backend\\node_modules\\express\\lib\\router\\index.js:365:14)\n    at Function.process_params (C:\\Users\\Umair\\Desktop\\dogluv-backend\\node_modules\\express\\lib\\router\\index.js:410:3)\n    at next (C:\\Users\\Umair\\Desktop\\dogluv-backend\\node_modules\\express\\lib\\router\\index.js:275:10)","level":"error","timestamp":"2020-12-02T18:40:23.531Z"}
{"level":"info","message":"Listening on port 3000...","timestamp":"2020-12-02T18:40:42.025Z"}
{"level":"info","message":"Connected to mongodb://localhost/dogluv","timestamp":"2020-12-02T18:40:42.043Z"}
{"level":"info","message":"Listening on port 3000...","timestamp":"2020-12-02T18:41:49.987Z"}
{"level":"info","message":"Connected to mongodb://localhost/dogluv","timestamp":"2020-12-02T18:41:50.013Z"}
{"level":"info","message":"Listening on port 3000...","timestamp":"2020-12-02T18:41:59.932Z"}
{"level":"info","message":"Connected to mongodb://localhost/dogluv","timestamp":"2020-12-02T18:41:59.951Z"}
{"level":"info","message":"Listening on port 3000...","timestamp":"2020-12-02T19:11:22.214Z"}
{"level":"info","message":"Connected to mongodb://localhost/dogluv","timestamp":"2020-12-02T19:11:22.232Z"}
{"level":"info","message":"Listening on port 3000...","timestamp":"2020-12-02T19:23:50.907Z"}
{"level":"info","message":"Connected to mongodb://localhost/dogluv","timestamp":"2020-12-02T19:23:50.925Z"}
{"level":"info","message":"Listening on port 3000...","timestamp":"2020-12-02T19:26:00.346Z"}
{"level":"info","message":"Connected to mongodb://localhost/dogluv","timestamp":"2020-12-02T19:26:00.364Z"}
{"level":"info","message":"Listening on port 3000...","timestamp":"2020-12-02T19:26:43.340Z"}
{"level":"info","message":"Connected to mongodb://localhost/dogluv","timestamp":"2020-12-02T19:26:43.362Z"}
{"level":"info","message":"Listening on port 3000...","timestamp":"2020-12-02T19:26:46.784Z"}
{"level":"info","message":"Connected to mongodb://localhost/dogluv","timestamp":"2020-12-02T19:26:46.802Z"}
{"level":"info","message":"Listening on port 3000...","timestamp":"2020-12-02T19:29:39.604Z"}
{"level":"info","message":"Connected to mongodb://localhost/dogluv","timestamp":"2020-12-02T19:29:39.624Z"}
{"level":"info","message":"Listening on port 3000...","timestamp":"2020-12-02T19:35:18.198Z"}
{"level":"info","message":"Connected to mongodb://localhost/dogluv","timestamp":"2020-12-02T19:35:18.218Z"}
{"level":"info","message":"Listening on port 3000...","timestamp":"2020-12-02T19:36:04.506Z"}
{"level":"info","message":"Connected to mongodb://localhost/dogluv","timestamp":"2020-12-02T19:36:04.524Z"}
{"level":"info","message":"Listening on port 3000...","timestamp":"2020-12-02T19:36:44.597Z"}
{"level":"info","message":"Connected to mongodb://localhost/dogluv","timestamp":"2020-12-02T19:36:44.615Z"}
{"level":"info","message":"Listening on port 3000...","timestamp":"2020-12-02T19:37:40.824Z"}
{"level":"info","message":"Connected to mongodb://localhost/dogluv","timestamp":"2020-12-02T19:37:40.844Z"}
{"level":"info","message":"Listening on port 3000...","timestamp":"2020-12-02T19:56:52.931Z"}
{"level":"info","message":"Connected to mongodb://localhost/dogluv","timestamp":"2020-12-02T19:56:52.951Z"}
{"level":"info","message":"Listening on port 3000...","timestamp":"2020-12-02T19:59:48.872Z"}
{"level":"info","message":"Connected to mongodb://localhost/dogluv","timestamp":"2020-12-02T19:59:48.890Z"}
{"level":"info","message":"Listening on port 3000...","timestamp":"2020-12-02T20:03:03.379Z"}
{"level":"info","message":"Connected to mongodb://localhost/dogluv","timestamp":"2020-12-02T20:03:03.403Z"}
{"message":"Invalid schema content: (name)","stack":"AssertionError [ERR_ASSERTION]: Invalid schema content: \n    at Object.exports.schema (C:\\Users\\Umair\\Desktop\\dogluv-backend\\node_modules\\joi\\lib\\cast.js:55:10)\n    at internals.Object.keys (C:\\Users\\Umair\\Desktop\\dogluv-backend\\node_modules\\joi\\lib\\types\\object\\index.js:350:35)\n    at Object.exports.schema (C:\\Users\\Umair\\Desktop\\dogluv-backend\\node_modules\\joi\\lib\\cast.js:36:29)\n    at module.exports.internals.Any.root.compile (C:\\Users\\Umair\\Desktop\\dogluv-backend\\node_modules\\joi\\lib\\index.js:151:25)\n    at module.exports.internals.Any.root.validate (C:\\Users\\Umair\\Desktop\\dogluv-backend\\node_modules\\joi\\lib\\index.js:137:29)\n    at validateChildren (C:\\Users\\Umair\\Desktop\\dogluv-backend\\models\\request.js:97:16)\n    at C:\\Users\\Umair\\Desktop\\dogluv-backend\\routes\\requests.js:21:19\n    at newFn (C:\\Users\\Umair\\Desktop\\dogluv-backend\\node_modules\\express-async-errors\\index.js:16:20)\n    at Layer.handle [as handle_request] (C:\\Users\\Umair\\Desktop\\dogluv-backend\\node_modules\\express\\lib\\router\\layer.js:95:5)\n    at next (C:\\Users\\Umair\\Desktop\\dogluv-backend\\node_modules\\express\\lib\\router\\route.js:137:13)\n    at module.exports (C:\\Users\\Umair\\Desktop\\dogluv-backend\\middleware\\auth.js:11:9)\n    at newFn (C:\\Users\\Umair\\Desktop\\dogluv-backend\\node_modules\\express-async-errors\\index.js:16:20)\n    at Layer.handle [as handle_request] (C:\\Users\\Umair\\Desktop\\dogluv-backend\\node_modules\\express\\lib\\router\\layer.js:95:5)\n    at next (C:\\Users\\Umair\\Desktop\\dogluv-backend\\node_modules\\express\\lib\\router\\route.js:137:13)\n    at Route.dispatch (C:\\Users\\Umair\\Desktop\\dogluv-backend\\node_modules\\express\\lib\\router\\route.js:112:3)\n    at newFn (C:\\Users\\Umair\\Desktop\\dogluv-backend\\node_modules\\express-async-errors\\index.js:16:20)","generatedMessage":false,"name":"AssertionError","code":"ERR_ASSERTION","actual":false,"expected":true,"operator":"==","path":"name","level":"error","timestamp":"2020-12-02T20:03:08.362Z"}
{"level":"info","message":"Listening on port 3000...","timestamp":"2020-12-02T20:03:40.483Z"}
{"level":"info","message":"Connected to mongodb://localhost/dogluv","timestamp":"2020-12-02T20:03:40.503Z"}
{"level":"info","message":"Listening on port 3000...","timestamp":"2020-12-02T20:06:02.826Z"}
{"level":"info","message":"Connected to mongodb://localhost/dogluv","timestamp":"2020-12-02T20:06:02.844Z"}
{"message":"Invalid schema content: (name)","stack":"AssertionError [ERR_ASSERTION]: Invalid schema content: \n    at Object.exports.schema (C:\\Users\\Umair\\Desktop\\dogluv-backend\\node_modules\\joi\\lib\\cast.js:55:10)\n    at internals.Object.keys (C:\\Users\\Umair\\Desktop\\dogluv-backend\\node_modules\\joi\\lib\\types\\object\\index.js:350:35)\n    at Object.exports.schema (C:\\Users\\Umair\\Desktop\\dogluv-backend\\node_modules\\joi\\lib\\cast.js:36:29)\n    at module.exports.internals.Any.root.compile (C:\\Users\\Umair\\Desktop\\dogluv-backend\\node_modules\\joi\\lib\\index.js:151:25)\n    at module.exports.internals.Any.root.validate (C:\\Users\\Umair\\Desktop\\dogluv-backend\\node_modules\\joi\\lib\\index.js:137:29)\n    at validateChildren (C:\\Users\\Umair\\Desktop\\dogluv-backend\\models\\request.js:97:16)\n    at C:\\Users\\Umair\\Desktop\\dogluv-backend\\routes\\requests.js:24:23\n    at Array.forEach (<anonymous>)\n    at C:\\Users\\Umair\\Desktop\\dogluv-backend\\routes\\requests.js:23:56\n    at newFn (C:\\Users\\Umair\\Desktop\\dogluv-backend\\node_modules\\express-async-errors\\index.js:16:20)\n    at Layer.handle [as handle_request] (C:\\Users\\Umair\\Desktop\\dogluv-backend\\node_modules\\express\\lib\\router\\layer.js:95:5)\n    at next (C:\\Users\\Umair\\Desktop\\dogluv-backend\\node_modules\\express\\lib\\router\\route.js:137:13)\n    at module.exports (C:\\Users\\Umair\\Desktop\\dogluv-backend\\middleware\\auth.js:11:9)\n    at newFn (C:\\Users\\Umair\\Desktop\\dogluv-backend\\node_modules\\express-async-errors\\index.js:16:20)\n    at Layer.handle [as handle_request] (C:\\Users\\Umair\\Desktop\\dogluv-backend\\node_modules\\express\\lib\\router\\layer.js:95:5)\n    at next (C:\\Users\\Umair\\Desktop\\dogluv-backend\\node_modules\\express\\lib\\router\\route.js:137:13)","generatedMessage":false,"name":"AssertionError","code":"ERR_ASSERTION","actual":false,"expected":true,"operator":"==","path":"name","level":"error","timestamp":"2020-12-02T20:06:06.641Z"}
{"level":"info","message":"Listening on port 3000...","timestamp":"2020-12-02T20:06:55.824Z"}
{"level":"info","message":"Connected to mongodb://localhost/dogluv","timestamp":"2020-12-02T20:06:55.841Z"}
{"level":"info","message":"Listening on port 3000...","timestamp":"2020-12-02T20:07:31.195Z"}
{"level":"info","message":"Connected to mongodb://localhost/dogluv","timestamp":"2020-12-02T20:07:31.218Z"}
{"message":"Request validation failed: houseOwnedOrRent: Cast to Boolean failed for value \"rent\" at path \"houseOwnedOrRent\"","stack":"ValidationError: Request validation failed: houseOwnedOrRent: Cast to Boolean failed for value \"rent\" at path \"houseOwnedOrRent\"\n    at model.Document.invalidate (C:\\Users\\Umair\\Desktop\\dogluv-backend\\node_modules\\mongoose\\lib\\document.js:2620:32)\n    at model.$set (C:\\Users\\Umair\\Desktop\\dogluv-backend\\node_modules\\mongoose\\lib\\document.js:1284:12)\n    at model.$set (C:\\Users\\Umair\\Desktop\\dogluv-backend\\node_modules\\mongoose\\lib\\document.js:1008:16)\n    at model.Document (C:\\Users\\Umair\\Desktop\\dogluv-backend\\node_modules\\mongoose\\lib\\document.js:150:12)\n    at model.Model (C:\\Users\\Umair\\Desktop\\dogluv-backend\\node_modules\\mongoose\\lib\\model.js:106:12)\n    at new model (C:\\Users\\Umair\\Desktop\\dogluv-backend\\node_modules\\mongoose\\lib\\model.js:4689:15)\n    at C:\\Users\\Umair\\Desktop\\dogluv-backend\\routes\\requests.js:32:15\n    at newFn (C:\\Users\\Umair\\Desktop\\dogluv-backend\\node_modules\\express-async-errors\\index.js:16:20)\n    at Layer.handle [as handle_request] (C:\\Users\\Umair\\Desktop\\dogluv-backend\\node_modules\\express\\lib\\router\\layer.js:95:5)\n    at next (C:\\Users\\Umair\\Desktop\\dogluv-backend\\node_modules\\express\\lib\\router\\route.js:137:13)\n    at module.exports (C:\\Users\\Umair\\Desktop\\dogluv-backend\\middleware\\auth.js:11:9)\n    at newFn (C:\\Users\\Umair\\Desktop\\dogluv-backend\\node_modules\\express-async-errors\\index.js:16:20)\n    at Layer.handle [as handle_request] (C:\\Users\\Umair\\Desktop\\dogluv-backend\\node_modules\\express\\lib\\router\\layer.js:95:5)\n    at next (C:\\Users\\Umair\\Desktop\\dogluv-backend\\node_modules\\express\\lib\\router\\route.js:137:13)\n    at Route.dispatch (C:\\Users\\Umair\\Desktop\\dogluv-backend\\node_modules\\express\\lib\\router\\route.js:112:3)\n    at newFn (C:\\Users\\Umair\\Desktop\\dogluv-backend\\node_modules\\express-async-errors\\index.js:16:20)","errors":{"houseOwnedOrRent":{"stringValue":"\"rent\"","kind":"Boolean","value":"rent","path":"houseOwnedOrRent","reason":{"stringValue":"\"rent\"","kind":"boolean","value":"rent"}}},"_message":"Request validation failed","level":"error","timestamp":"2020-12-02T20:07:33.542Z"}
{"message":"Request validation failed: children.1.name: Path `name` is required.","stack":"ValidationError: Request validation failed: children.1.name: Path `name` is required.\n    at model.Document.invalidate (C:\\Users\\Umair\\Desktop\\dogluv-backend\\node_modules\\mongoose\\lib\\document.js:2620:32)\n    at EmbeddedDocument.invalidate (C:\\Users\\Umair\\Desktop\\dogluv-backend\\node_modules\\mongoose\\lib\\types\\embedded.js:292:29)\n    at C:\\Users\\Umair\\Desktop\\dogluv-backend\\node_modules\\mongoose\\lib\\document.js:2440:17\n    at C:\\Users\\Umair\\Desktop\\dogluv-backend\\node_modules\\mongoose\\lib\\schematype.js:1225:9\n    at processTicksAndRejections (internal/process/task_queues.js:75:11)","errors":{"children.1.name":{"name":"ValidatorError","message":"Path `name` is required.","properties":{"message":"Path `name` is required.","type":"required","path":"name"},"kind":"required","path":"name"}},"_message":"Request validation failed","level":"error","timestamp":"2020-12-02T20:08:30.441Z"}
{"level":"info","message":"Listening on port 3000...","timestamp":"2020-12-02T20:17:52.722Z"}
{"level":"info","message":"Connected to mongodb://localhost/dogluv","timestamp":"2020-12-02T20:17:52.742Z"}
{"level":"info","message":"Listening on port 3000...","timestamp":"2020-12-02T20:18:49.543Z"}
{"level":"info","message":"Connected to mongodb://localhost/dogluv","timestamp":"2020-12-02T20:18:49.562Z"}
{"level":"info","message":"Listening on port 3000...","timestamp":"2020-12-02T20:25:36.768Z"}
{"level":"info","message":"Connected to mongodb://localhost/dogluv","timestamp":"2020-12-02T20:25:36.786Z"}
{"level":"info","message":"Listening on port 3000...","timestamp":"2020-12-02T20:28:42.017Z"}
{"level":"info","message":"Connected to mongodb://localhost/dogluv","timestamp":"2020-12-02T20:28:42.036Z"}
{"level":"info","message":"Listening on port 3000...","timestamp":"2020-12-02T20:32:44.637Z"}
{"level":"info","message":"Connected to mongodb://localhost/dogluv","timestamp":"2020-12-02T20:32:44.656Z"}
{"level":"info","message":"Listening on port 3000...","timestamp":"2020-12-02T20:35:22.316Z"}
{"level":"info","message":"Connected to mongodb://localhost/dogluv","timestamp":"2020-12-02T20:35:22.334Z"}
{"level":"info","message":"Listening on port 3000...","timestamp":"2020-12-02T20:35:38.319Z"}
{"level":"info","message":"Connected to mongodb://localhost/dogluv","timestamp":"2020-12-02T20:35:38.338Z"}
{"level":"info","message":"Listening on port 3000...","timestamp":"2020-12-02T20:36:11.271Z"}
{"level":"info","message":"Connected to mongodb://localhost/dogluv","timestamp":"2020-12-02T20:36:11.296Z"}
{"level":"info","message":"Listening on port 3000...","timestamp":"2020-12-02T20:36:14.939Z"}
{"level":"info","message":"Connected to mongodb://localhost/dogluv","timestamp":"2020-12-02T20:36:14.958Z"}
{"level":"info","message":"Listening on port 3000...","timestamp":"2020-12-02T20:36:37.442Z"}
{"level":"info","message":"Connected to mongodb://localhost/dogluv","timestamp":"2020-12-02T20:36:37.460Z"}
{"level":"info","message":"Listening on port 3000...","timestamp":"2020-12-02T20:38:44.675Z"}
{"level":"info","message":"Connected to mongodb://localhost/dogluv","timestamp":"2020-12-02T20:38:44.694Z"}
{"level":"info","message":"Listening on port 3000...","timestamp":"2020-12-02T20:50:48.043Z"}
{"level":"info","message":"Connected to mongodb://localhost/dogluv","timestamp":"2020-12-02T20:50:48.061Z"}
{"level":"info","message":"Listening on port 3000...","timestamp":"2020-12-02T20:52:18.318Z"}
{"level":"info","message":"Connected to mongodb://localhost/dogluv","timestamp":"2020-12-02T20:52:18.336Z"}
{"level":"info","message":"Listening on port 3000...","timestamp":"2020-12-02T20:52:51.806Z"}
{"level":"info","message":"Connected to mongodb://localhost/dogluv","timestamp":"2020-12-02T20:52:51.824Z"}
{"level":"info","message":"Listening on port 3000...","timestamp":"2020-12-02T20:56:44.740Z"}
{"level":"info","message":"Connected to mongodb://localhost/dogluv","timestamp":"2020-12-02T20:56:44.760Z"}
{"level":"info","message":"Listening on port 3000...","timestamp":"2020-12-02T20:57:46.280Z"}
{"level":"info","message":"Connected to mongodb://localhost/dogluv","timestamp":"2020-12-02T20:57:46.298Z"}
{"level":"info","message":"Listening on port 3000...","timestamp":"2020-12-02T21:08:06.892Z"}
{"level":"info","message":"Connected to mongodb://localhost/dogluv","timestamp":"2020-12-02T21:08:06.911Z"}
{"message":"Invalid schema content: (lat)","stack":"AssertionError [ERR_ASSERTION]: Invalid schema content: \n    at Object.exports.schema (C:\\Users\\Umair\\Desktop\\dogluv-backend\\node_modules\\joi\\lib\\cast.js:55:10)\n    at internals.Object.keys (C:\\Users\\Umair\\Desktop\\dogluv-backend\\node_modules\\joi\\lib\\types\\object\\index.js:350:35)\n    at Object.exports.schema (C:\\Users\\Umair\\Desktop\\dogluv-backend\\node_modules\\joi\\lib\\cast.js:36:29)\n    at module.exports.internals.Any.root.compile (C:\\Users\\Umair\\Desktop\\dogluv-backend\\node_modules\\joi\\lib\\index.js:151:25)\n    at module.exports.internals.Any.root.validate (C:\\Users\\Umair\\Desktop\\dogluv-backend\\node_modules\\joi\\lib\\index.js:137:29)\n    at validateLocation (C:\\Users\\Umair\\Desktop\\dogluv-backend\\models\\offer.js:123:16)\n    at C:\\Users\\Umair\\Desktop\\dogluv-backend\\routes\\offers.js:21:19\n    at newFn (C:\\Users\\Umair\\Desktop\\dogluv-backend\\node_modules\\express-async-errors\\index.js:16:20)\n    at Layer.handle [as handle_request] (C:\\Users\\Umair\\Desktop\\dogluv-backend\\node_modules\\express\\lib\\router\\layer.js:95:5)\n    at next (C:\\Users\\Umair\\Desktop\\dogluv-backend\\node_modules\\express\\lib\\router\\route.js:137:13)\n    at module.exports (C:\\Users\\Umair\\Desktop\\dogluv-backend\\middleware\\auth.js:11:9)\n    at newFn (C:\\Users\\Umair\\Desktop\\dogluv-backend\\node_modules\\express-async-errors\\index.js:16:20)\n    at Layer.handle [as handle_request] (C:\\Users\\Umair\\Desktop\\dogluv-backend\\node_modules\\express\\lib\\router\\layer.js:95:5)\n    at next (C:\\Users\\Umair\\Desktop\\dogluv-backend\\node_modules\\express\\lib\\router\\route.js:137:13)\n    at Route.dispatch (C:\\Users\\Umair\\Desktop\\dogluv-backend\\node_modules\\express\\lib\\router\\route.js:112:3)\n    at newFn (C:\\Users\\Umair\\Desktop\\dogluv-backend\\node_modules\\express-async-errors\\index.js:16:20)","generatedMessage":false,"name":"AssertionError","code":"ERR_ASSERTION","actual":false,"expected":true,"operator":"==","path":"lat","level":"error","timestamp":"2020-12-02T21:08:35.587Z"}
{"message":"Invalid schema content: (lat)","stack":"AssertionError [ERR_ASSERTION]: Invalid schema content: \n    at Object.exports.schema (C:\\Users\\Umair\\Desktop\\dogluv-backend\\node_modules\\joi\\lib\\cast.js:55:10)\n    at internals.Object.keys (C:\\Users\\Umair\\Desktop\\dogluv-backend\\node_modules\\joi\\lib\\types\\object\\index.js:350:35)\n    at Object.exports.schema (C:\\Users\\Umair\\Desktop\\dogluv-backend\\node_modules\\joi\\lib\\cast.js:36:29)\n    at module.exports.internals.Any.root.compile (C:\\Users\\Umair\\Desktop\\dogluv-backend\\node_modules\\joi\\lib\\index.js:151:25)\n    at module.exports.internals.Any.root.validate (C:\\Users\\Umair\\Desktop\\dogluv-backend\\node_modules\\joi\\lib\\index.js:137:29)\n    at validateLocation (C:\\Users\\Umair\\Desktop\\dogluv-backend\\models\\offer.js:123:16)\n    at C:\\Users\\Umair\\Desktop\\dogluv-backend\\routes\\offers.js:21:19\n    at newFn (C:\\Users\\Umair\\Desktop\\dogluv-backend\\node_modules\\express-async-errors\\index.js:16:20)\n    at Layer.handle [as handle_request] (C:\\Users\\Umair\\Desktop\\dogluv-backend\\node_modules\\express\\lib\\router\\layer.js:95:5)\n    at next (C:\\Users\\Umair\\Desktop\\dogluv-backend\\node_modules\\express\\lib\\router\\route.js:137:13)\n    at module.exports (C:\\Users\\Umair\\Desktop\\dogluv-backend\\middleware\\auth.js:11:9)\n    at newFn (C:\\Users\\Umair\\Desktop\\dogluv-backend\\node_modules\\express-async-errors\\index.js:16:20)\n    at Layer.handle [as handle_request] (C:\\Users\\Umair\\Desktop\\dogluv-backend\\node_modules\\express\\lib\\router\\layer.js:95:5)\n    at next (C:\\Users\\Umair\\Desktop\\dogluv-backend\\node_modules\\express\\lib\\router\\route.js:137:13)\n    at Route.dispatch (C:\\Users\\Umair\\Desktop\\dogluv-backend\\node_modules\\express\\lib\\router\\route.js:112:3)\n    at newFn (C:\\Users\\Umair\\Desktop\\dogluv-backend\\node_modules\\express-async-errors\\index.js:16:20)","generatedMessage":false,"name":"AssertionError","code":"ERR_ASSERTION","actual":false,"expected":true,"operator":"==","path":"lat","level":"error","timestamp":"2020-12-02T21:10:05.920Z"}
{"level":"info","message":"Listening on port 3000...","timestamp":"2020-12-02T21:11:53.476Z"}
{"level":"info","message":"Connected to mongodb://localhost/dogluv","timestamp":"2020-12-02T21:11:53.495Z"}
{"level":"info","message":"Listening on port 3000...","timestamp":"2020-12-02T21:12:46.946Z"}
{"level":"info","message":"Connected to mongodb://localhost/dogluv","timestamp":"2020-12-02T21:12:46.965Z"}
{"level":"info","message":"Listening on port 3000...","timestamp":"2020-12-02T21:13:01.735Z"}
{"level":"info","message":"Connected to mongodb://localhost/dogluv","timestamp":"2020-12-02T21:13:01.754Z"}
{"message":"Offer validation failed: sex: Cast to Boolean failed for value \"male\" at path \"sex\", breed: Cast to Boolean failed for value \"german\" at path \"breed\", age: Cast to Boolean failed for value \"54\" at path \"age\", registrationNoOfLitter: Cast to Boolean failed for value \"56468DSAD\" at path \"registrationNoOfLitter\", isFirstLitterSaleOfYear: Cast to Number failed for value \"yes\" at path \"isFirstLitterSaleOfYear\", companyRegistration: Cast to Boolean failed for value \"LHLJ56436\" at path \"companyRegistration\"","stack":"ValidationError: Offer validation failed: sex: Cast to Boolean failed for value \"male\" at path \"sex\", breed: Cast to Boolean failed for value \"german\" at path \"breed\", age: Cast to Boolean failed for value \"54\" at path \"age\", registrationNoOfLitter: Cast to Boolean failed for value \"56468DSAD\" at path \"registrationNoOfLitter\", isFirstLitterSaleOfYear: Cast to Number failed for value \"yes\" at path \"isFirstLitterSaleOfYear\", companyRegistration: Cast to Boolean failed for value \"LHLJ56436\" at path \"companyRegistration\"\n    at model.Document.invalidate (C:\\Users\\Umair\\Desktop\\dogluv-backend\\node_modules\\mongoose\\lib\\document.js:2620:32)\n    at model.$set (C:\\Users\\Umair\\Desktop\\dogluv-backend\\node_modules\\mongoose\\lib\\document.js:1284:12)\n    at model.$set (C:\\Users\\Umair\\Desktop\\dogluv-backend\\node_modules\\mongoose\\lib\\document.js:1008:16)\n    at model.Document (C:\\Users\\Umair\\Desktop\\dogluv-backend\\node_modules\\mongoose\\lib\\document.js:150:12)\n    at model.Model (C:\\Users\\Umair\\Desktop\\dogluv-backend\\node_modules\\mongoose\\lib\\model.js:106:12)\n    at new model (C:\\Users\\Umair\\Desktop\\dogluv-backend\\node_modules\\mongoose\\lib\\model.js:4689:15)\n    at C:\\Users\\Umair\\Desktop\\dogluv-backend\\routes\\offers.js:27:13\n    at newFn (C:\\Users\\Umair\\Desktop\\dogluv-backend\\node_modules\\express-async-errors\\index.js:16:20)\n    at Layer.handle [as handle_request] (C:\\Users\\Umair\\Desktop\\dogluv-backend\\node_modules\\express\\lib\\router\\layer.js:95:5)\n    at next (C:\\Users\\Umair\\Desktop\\dogluv-backend\\node_modules\\express\\lib\\router\\route.js:137:13)\n    at module.exports (C:\\Users\\Umair\\Desktop\\dogluv-backend\\middleware\\auth.js:11:9)\n    at newFn (C:\\Users\\Umair\\Desktop\\dogluv-backend\\node_modules\\express-async-errors\\index.js:16:20)\n    at Layer.handle [as handle_request] (C:\\Users\\Umair\\Desktop\\dogluv-backend\\node_modules\\express\\lib\\router\\layer.js:95:5)\n    at next (C:\\Users\\Umair\\Desktop\\dogluv-backend\\node_modules\\express\\lib\\router\\route.js:137:13)\n    at Route.dispatch (C:\\Users\\Umair\\Desktop\\dogluv-backend\\node_modules\\express\\lib\\router\\route.js:112:3)\n    at newFn (C:\\Users\\Umair\\Desktop\\dogluv-backend\\node_modules\\express-async-errors\\index.js:16:20)","errors":{"sex":{"stringValue":"\"male\"","kind":"Boolean","value":"male","path":"sex","reason":{"stringValue":"\"male\"","kind":"boolean","value":"male"}},"breed":{"stringValue":"\"german\"","kind":"Boolean","value":"german","path":"breed","reason":{"stringValue":"\"german\"","kind":"boolean","value":"german"}},"age":{"stringValue":"\"54\"","kind":"Boolean","value":"54","path":"age","reason":{"stringValue":"\"54\"","kind":"boolean","value":"54"}},"registrationNoOfLitter":{"stringValue":"\"56468DSAD\"","kind":"Boolean","value":"56468DSAD","path":"registrationNoOfLitter","reason":{"stringValue":"\"56468DSAD\"","kind":"boolean","value":"56468DSAD"}},"isFirstLitterSaleOfYear":{"stringValue":"\"yes\"","kind":"Number","value":"yes","path":"isFirstLitterSaleOfYear","reason":{"generatedMessage":true,"code":"ERR_ASSERTION","actual":false,"expected":true,"operator":"=="}},"companyRegistration":{"stringValue":"\"LHLJ56436\"","kind":"Boolean","value":"LHLJ56436","path":"companyRegistration","reason":{"stringValue":"\"LHLJ56436\"","kind":"boolean","value":"LHLJ56436"}}},"_message":"Offer validation failed","level":"error","timestamp":"2020-12-02T21:13:03.134Z"}
{"level":"info","message":"Listening on port 3000...","timestamp":"2020-12-02T21:14:39.381Z"}
{"level":"info","message":"Connected to mongodb://localhost/dogluv","timestamp":"2020-12-02T21:14:39.400Z"}
{"level":"info","message":"Listening on port 3000...","timestamp":"2020-12-02T21:15:59.754Z"}
{"level":"info","message":"Connected to mongodb://localhost/dogluv","timestamp":"2020-12-02T21:15:59.774Z"}
{"level":"info","message":"Listening on port 3000...","timestamp":"2020-12-02T21:18:38.851Z"}
{"level":"info","message":"Connected to mongodb://localhost/dogluv","timestamp":"2020-12-02T21:18:38.870Z"}
{"level":"info","message":"Listening on port 3000...","timestamp":"2020-12-02T21:37:34.483Z"}
{"level":"info","message":"Connected to mongodb://localhost/dogluv","timestamp":"2020-12-02T21:37:34.500Z"}
{"level":"info","message":"Listening on port 3000...","timestamp":"2020-12-02T21:38:12.809Z"}
{"level":"info","message":"Connected to mongodb://localhost/dogluv","timestamp":"2020-12-02T21:38:12.830Z"}
{"level":"info","message":"Listening on port 3000...","timestamp":"2020-12-02T23:24:41.070Z"}
{"level":"info","message":"Connected to mongodb://localhost/dogluv","timestamp":"2020-12-02T23:24:41.094Z"}
{"level":"info","message":"Listening on port 3000...","timestamp":"2020-12-02T23:24:46.083Z"}
{"level":"info","message":"Connected to mongodb://localhost/dogluv","timestamp":"2020-12-02T23:24:46.116Z"}
{"level":"info","message":"Listening on port 3000...","timestamp":"2020-12-02T23:28:49.395Z"}
{"level":"info","message":"Connected to mongodb://localhost/dogluv","timestamp":"2020-12-02T23:28:49.414Z"}
{"level":"info","message":"Listening on port 3000...","timestamp":"2020-12-02T23:29:50.654Z"}
{"level":"info","message":"Connected to mongodb://localhost/dogluv","timestamp":"2020-12-02T23:29:50.673Z"}
{"level":"info","message":"Listening on port 3000...","timestamp":"2020-12-02T23:31:11.662Z"}
{"level":"info","message":"Connected to mongodb://localhost/dogluv","timestamp":"2020-12-02T23:31:11.689Z"}
{"level":"info","message":"Listening on port 3000...","timestamp":"2020-12-02T23:31:30.312Z"}
{"level":"info","message":"Connected to mongodb://localhost/dogluv","timestamp":"2020-12-02T23:31:30.332Z"}
{"level":"info","message":"Listening on port 3000...","timestamp":"2020-12-02T23:35:09.096Z"}
{"level":"info","message":"Connected to mongodb://localhost/dogluv","timestamp":"2020-12-02T23:35:09.121Z"}
{"level":"info","message":"Listening on port 3000...","timestamp":"2020-12-02T23:38:28.210Z"}
{"level":"info","message":"Connected to mongodb://localhost/dogluv","timestamp":"2020-12-02T23:38:28.231Z"}
{"level":"info","message":"Listening on port 3000...","timestamp":"2020-12-02T23:44:32.161Z"}
{"level":"info","message":"Connected to mongodb://localhost/dogluv","timestamp":"2020-12-02T23:44:32.186Z"}
{"level":"info","message":"Listening on port 3000...","timestamp":"2020-12-02T23:46:23.593Z"}
{"level":"info","message":"Connected to mongodb://localhost/dogluv","timestamp":"2020-12-02T23:46:23.614Z"}
{"level":"info","message":"Listening on port 3000...","timestamp":"2020-12-02T23:47:20.349Z"}
{"level":"info","message":"Connected to mongodb://localhost/dogluv","timestamp":"2020-12-02T23:47:20.370Z"}
{"level":"info","message":"Listening on port 3000...","timestamp":"2020-12-02T23:47:31.560Z"}
{"level":"info","message":"Connected to mongodb://localhost/dogluv","timestamp":"2020-12-02T23:47:31.579Z"}
{"level":"info","message":"Listening on port 3000...","timestamp":"2020-12-02T23:48:07.743Z"}
{"level":"info","message":"Connected to mongodb://localhost/dogluv","timestamp":"2020-12-02T23:48:07.768Z"}
{"level":"info","message":"Listening on port 3000...","timestamp":"2020-12-02T23:48:33.012Z"}
{"level":"info","message":"Connected to mongodb://localhost/dogluv","timestamp":"2020-12-02T23:48:33.033Z"}
{"level":"info","message":"Listening on port 3000...","timestamp":"2020-12-02T23:50:29.946Z"}
{"level":"info","message":"Connected to mongodb://localhost/dogluv","timestamp":"2020-12-02T23:50:29.967Z"}
{"level":"info","message":"Listening on port 3000...","timestamp":"2020-12-02T23:52:52.876Z"}
{"level":"info","message":"Connected to mongodb://localhost/dogluv","timestamp":"2020-12-02T23:52:52.896Z"}
{"level":"info","message":"Listening on port 3000...","timestamp":"2020-12-02T23:53:31.478Z"}
{"level":"info","message":"Connected to mongodb://localhost/dogluv","timestamp":"2020-12-02T23:53:31.502Z"}
{"level":"info","message":"Listening on port 3000...","timestamp":"2020-12-02T23:53:38.674Z"}
{"level":"info","message":"Connected to mongodb://localhost/dogluv","timestamp":"2020-12-02T23:53:38.693Z"}
{"level":"info","message":"Listening on port 3000...","timestamp":"2020-12-02T23:58:42.372Z"}
{"level":"info","message":"Connected to mongodb://localhost/dogluv","timestamp":"2020-12-02T23:58:42.399Z"}
{"level":"info","message":"Listening on port 3000...","timestamp":"2020-12-03T00:03:29.022Z"}
{"level":"info","message":"Connected to mongodb://localhost/dogluv","timestamp":"2020-12-03T00:03:29.043Z"}
{"message":"helpers is not defined","stack":"ReferenceError: helpers is not defined\n    at C:\\Users\\Umair\\Desktop\\dogluv-backend\\routes\\uploads.js:18:57\n    at newFn (C:\\Users\\Umair\\Desktop\\dogluv-backend\\node_modules\\express-async-errors\\index.js:16:20)\n    at Layer.handle [as handle_request] (C:\\Users\\Umair\\Desktop\\dogluv-backend\\node_modules\\express\\lib\\router\\layer.js:95:5)\n    at next (C:\\Users\\Umair\\Desktop\\dogluv-backend\\node_modules\\express\\lib\\router\\route.js:137:13)\n    at module.exports (C:\\Users\\Umair\\Desktop\\dogluv-backend\\middleware\\auth.js:11:9)\n    at newFn (C:\\Users\\Umair\\Desktop\\dogluv-backend\\node_modules\\express-async-errors\\index.js:16:20)\n    at Layer.handle [as handle_request] (C:\\Users\\Umair\\Desktop\\dogluv-backend\\node_modules\\express\\lib\\router\\layer.js:95:5)\n    at next (C:\\Users\\Umair\\Desktop\\dogluv-backend\\node_modules\\express\\lib\\router\\route.js:137:13)\n    at Route.dispatch (C:\\Users\\Umair\\Desktop\\dogluv-backend\\node_modules\\express\\lib\\router\\route.js:112:3)\n    at newFn (C:\\Users\\Umair\\Desktop\\dogluv-backend\\node_modules\\express-async-errors\\index.js:16:20)\n    at Layer.handle [as handle_request] (C:\\Users\\Umair\\Desktop\\dogluv-backend\\node_modules\\express\\lib\\router\\layer.js:95:5)\n    at C:\\Users\\Umair\\Desktop\\dogluv-backend\\node_modules\\express\\lib\\router\\index.js:281:22\n    at Function.process_params (C:\\Users\\Umair\\Desktop\\dogluv-backend\\node_modules\\express\\lib\\router\\index.js:335:12)\n    at next (C:\\Users\\Umair\\Desktop\\dogluv-backend\\node_modules\\express\\lib\\router\\index.js:275:10)\n    at Function.handle (C:\\Users\\Umair\\Desktop\\dogluv-backend\\node_modules\\express\\lib\\router\\index.js:174:3)\n    at router (C:\\Users\\Umair\\Desktop\\dogluv-backend\\node_modules\\express\\lib\\router\\index.js:47:12)","level":"error","timestamp":"2020-12-03T00:03:34.138Z"}
{"level":"info","message":"Listening on port 3000...","timestamp":"2020-12-03T00:05:24.777Z"}
{"level":"info","message":"Connected to mongodb://localhost/dogluv","timestamp":"2020-12-03T00:05:24.797Z"}
{"level":"info","message":"Listening on port 3000...","timestamp":"2020-12-03T00:06:18.294Z"}
{"level":"info","message":"Connected to mongodb://localhost/dogluv","timestamp":"2020-12-03T00:06:18.314Z"}
{"level":"info","message":"Listening on port 3000...","timestamp":"2020-12-03T01:51:16.720Z"}
{"level":"info","message":"Connected to mongodb://localhost/dogluv","timestamp":"2020-12-03T01:51:16.748Z"}
